TestProject.obj : error LNK2019: unresolved external symbol __imp__drawTestBackground referenced in function "public: virtual bool __thiscall MyFramework::Tick(void)" (?Tick@MyFramework@@UAE_NXZ)
TestProject.obj : error LNK2019: unresolved external symbol __imp__run referenced in function _main
C:\Users\silve\source\repos\TestProject\Debug\TestProject.exe : fatal error LNK1120: 2 unresolved externals
